-------------------------------------------------------------------------------
Test set: com.api.equipamento.controller.TrancaControllerTest
-------------------------------------------------------------------------------
Tests run: 13, Failures: 0, Errors: 3, Skipped: 0, Time elapsed: 2.104 s <<< FAILURE! - in com.api.equipamento.controller.TrancaControllerTest
putTranca  Time elapsed: 0 s  <<< ERROR!
jakarta.servlet.ServletException: Request processing failed: org.springframework.http.converter.HttpMessageConversionException: Type definition error: [simple type, class org.mockito.internal.creation.bytebuddy.ByteBuddyCrossClassLoaderSerializationSupport]
	at com.api.equipamento.controller.TrancaControllerTest.putTranca(TrancaControllerTest.java:113)
Caused by: org.springframework.http.converter.HttpMessageConversionException: Type definition error: [simple type, class org.mockito.internal.creation.bytebuddy.ByteBuddyCrossClassLoaderSerializationSupport]
	at com.api.equipamento.controller.TrancaControllerTest.putTranca(TrancaControllerTest.java:113)
Caused by: com.fasterxml.jackson.databind.exc.InvalidDefinitionException: No serializer found for class org.mockito.internal.creation.bytebuddy.ByteBuddyCrossClassLoaderSerializationSupport and no properties discovered to create BeanSerializer (to avoid exception, disable SerializationFeature.FAIL_ON_EMPTY_BEANS) (through reference chain: com.api.equipamento.model.Tranca$MockitoMock$dvfsGzUR["mockitoInterceptor"]->org.mockito.internal.creation.bytebuddy.MockMethodInterceptor["serializationSupport"])
	at com.api.equipamento.controller.TrancaControllerTest.putTranca(TrancaControllerTest.java:113)

getTranca  Time elapsed: 0.001 s  <<< ERROR!
jakarta.servlet.ServletException: Request processing failed: org.springframework.http.converter.HttpMessageConversionException: Type definition error: [simple type, class org.mockito.internal.creation.bytebuddy.ByteBuddyCrossClassLoaderSerializationSupport]
	at com.api.equipamento.controller.TrancaControllerTest.getTranca(TrancaControllerTest.java:98)
Caused by: org.springframework.http.converter.HttpMessageConversionException: Type definition error: [simple type, class org.mockito.internal.creation.bytebuddy.ByteBuddyCrossClassLoaderSerializationSupport]
	at com.api.equipamento.controller.TrancaControllerTest.getTranca(TrancaControllerTest.java:98)
Caused by: com.fasterxml.jackson.databind.exc.InvalidDefinitionException: No serializer found for class org.mockito.internal.creation.bytebuddy.ByteBuddyCrossClassLoaderSerializationSupport and no properties discovered to create BeanSerializer (to avoid exception, disable SerializationFeature.FAIL_ON_EMPTY_BEANS) (through reference chain: com.api.equipamento.model.Tranca$MockitoMock$dvfsGzUR["mockitoInterceptor"]->org.mockito.internal.creation.bytebuddy.MockMethodInterceptor["serializationSupport"])
	at com.api.equipamento.controller.TrancaControllerTest.getTranca(TrancaControllerTest.java:98)

postTranca  Time elapsed: 0 s  <<< ERROR!
jakarta.servlet.ServletException: Request processing failed: org.springframework.http.converter.HttpMessageConversionException: Type definition error: [simple type, class org.mockito.internal.creation.bytebuddy.ByteBuddyCrossClassLoaderSerializationSupport]
	at com.api.equipamento.controller.TrancaControllerTest.postTranca(TrancaControllerTest.java:63)
Caused by: org.springframework.http.converter.HttpMessageConversionException: Type definition error: [simple type, class org.mockito.internal.creation.bytebuddy.ByteBuddyCrossClassLoaderSerializationSupport]
	at com.api.equipamento.controller.TrancaControllerTest.postTranca(TrancaControllerTest.java:63)
Caused by: com.fasterxml.jackson.databind.exc.InvalidDefinitionException: No serializer found for class org.mockito.internal.creation.bytebuddy.ByteBuddyCrossClassLoaderSerializationSupport and no properties discovered to create BeanSerializer (to avoid exception, disable SerializationFeature.FAIL_ON_EMPTY_BEANS) (through reference chain: com.api.equipamento.model.Tranca$MockitoMock$dvfsGzUR["mockitoInterceptor"]->org.mockito.internal.creation.bytebuddy.MockMethodInterceptor["serializationSupport"])
	at com.api.equipamento.controller.TrancaControllerTest.postTranca(TrancaControllerTest.java:63)

