-------------------------------------------------------------------------------
Test set: com.api.equipamento.service.TrancaServiceTest
-------------------------------------------------------------------------------
Tests run: 16, Failures: 2, Errors: 0, Skipped: 0, Time elapsed: 1.39 s <<< FAILURE! - in com.api.equipamento.service.TrancaServiceTest
adicionaTrancaRede  Time elapsed: 0.311 s  <<< FAILURE!
org.mockito.exceptions.verification.WantedButNotInvoked: 

Wanted but not invoked:
repRede bean.save(
    <any com.api.equipamento.model.Rede>
);
-> at com.api.equipamento.service.TrancaServiceTest.adicionaTrancaRede(TrancaServiceTest.java:157)
Actually, there were zero interactions with this mock.

	at com.api.equipamento.service.TrancaServiceTest.adicionaTrancaRede(TrancaServiceTest.java:157)

removerTrancaRede  Time elapsed: 0.005 s  <<< FAILURE!
org.mockito.exceptions.verification.WantedButNotInvoked: 

Wanted but not invoked:
repRede bean.save(
    <any com.api.equipamento.model.Rede>
);
-> at com.api.equipamento.service.TrancaServiceTest.removerTrancaRede(TrancaServiceTest.java:167)

However, there was exactly 1 interaction with this mock:
repRede bean.findByIdTotem(null);
-> at com.api.equipamento.service.TrancaService.removerTrancaRede(TrancaService.java:135)


	at com.api.equipamento.service.TrancaServiceTest.removerTrancaRede(TrancaServiceTest.java:167)

