<?xml version="1.0" encoding="UTF-8"?>
<testsuite xmlns:xsi="http://www.w3.org/2001/XMLSchema-instance" xsi:noNamespaceSchemaLocation="https://maven.apache.org/surefire/maven-surefire-plugin/xsd/surefire-test-report.xsd" name="com.api.equipamento.service.TrancaServiceTest" time="0.928" tests="17" errors="0" skipped="0" failures="0">
  <properties>
[...]
</properties>
  <testcase name="contextLoads" classname="com.api.equipamento.service.TrancaServiceTest" time="0"/>
  <testcase name="cadastrarTranca" classname="com.api.equipamento.service.TrancaServiceTest" time="0.003"/>
  <testcase name="getBicicleta" classname="com.api.equipamento.service.TrancaServiceTest" time="0.005"/>
  <testcase name="erroCadastrarTranca" classname="com.api.equipamento.service.TrancaServiceTest" time="0.005"/>
  <testcase name="adicionaTrancaRedeFail" classname="com.api.equipamento.service.TrancaServiceTest" time="0.02"/>
  <testcase name="trancarTranca" classname="com.api.equipamento.service.TrancaServiceTest" time="0.005"/>
  <testcase name="destrancarTramca" classname="com.api.equipamento.service.TrancaServiceTest" time="0.003"/>
  <testcase name="trancaFindId" classname="com.api.equipamento.service.TrancaServiceTest" time="0"/>
  <testcase name="erroTrancaFindId" classname="com.api.equipamento.service.TrancaServiceTest" time="0.002"/>
  <testcase name="excluirTranca" classname="com.api.equipamento.service.TrancaServiceTest" time="0.003"/>
  <testcase name="listarTrancas" classname="com.api.equipamento.service.TrancaServiceTest" time="0.003"/>
  <testcase name="alterarTranca" classname="com.api.equipamento.service.TrancaServiceTest" time="0.009"/>
  <testcase name="adicionaTrancaRede" classname="com.api.equipamento.service.TrancaServiceTest" time="0.009"/>
  <testcase name="erroExcluirTrancaFalse" classname="com.api.equipamento.service.TrancaServiceTest" time="0.004"/>
  <testcase name="novAlterarTranca" classname="com.api.equipamento.service.TrancaServiceTest" time="0.004"/>
  <testcase name="erroExcluirTranca" classname="com.api.equipamento.service.TrancaServiceTest" time="0.003"/>
  <testcase name="removerTrancaRede" classname="com.api.equipamento.service.TrancaServiceTest" time="0.009"/>
</testsuite>